INFO:root:Using base model
INFO:root:Loaded model
INFO:root:Using jarrad_best_angle_model model
INFO:root:Using jarrad_best_angle_model model
INFO:root:Using jarrad_best_angle_model model
INFO:root:Using jarrad_best_angle_model model
INFO:root:Using jarrad_best_model_h5 model
INFO:root:Using jarrad_best_model_h5 model
INFO:root:Loaded model
INFO:root:Using jarrad_best_model_h5 model
INFO:root:Using jarrad_best_model_h5 model
INFO:root:Loaded model
INFO:root:Using jarrad_best_model_h5 model
INFO:root:Loaded model
INFO:root:Using jarrad_best_model_h5 model
INFO:root:Loaded model
INFO:root:Using jarrad_best_model_h5 model
INFO:root:Loaded model
INFO:root:Loaded model
INFO:root:Using jarrad_best_model_h5 model
INFO:root:Loaded model
INFO:root:Using jarrad_best_model_h5 model
INFO:root:Loaded model
INFO:root:Using jarrad_best_model_h5 model
INFO:root:Loaded model
INFO:root:Using jarrad_best_model_h5 model
INFO:root:Loaded model
INFO:root:Using jarrad_best_model_h5 model
INFO:root:Using jarrad_best_model_h5 model
INFO:root:Loaded model
INFO:root:Loaded model
INFO:root:Using jarrad_best_model_h5 model
INFO:root:Loaded model
INFO:root:Using jarrad_best_model model
INFO:root:Using jarrad_best_angle_model model
INFO:root:Using jarrad_best_angle_model model
INFO:root:Loaded model
INFO:root:Using jarrad_best_angle_model model
INFO:root:Using jarrad_best_angle_model model
INFO:root:Loaded model
INFO:root:Loaded model
INFO:root:Using jarrad_best_angle_model model
INFO:root:Loaded model
INFO:root:Using jarrad_best_angle_model model
INFO:root:Loaded model
INFO:root:Using jarrad_best_angle_model model
INFO:root:Using jarrad_best_angle_model model
INFO:root:Loaded model
